Base path: C:/Program Files (x86)/Unity/Editor/Data
Pipe name: \\.\pipe\UnityShaderCompiler-1-8224
Cmd: getPlatforms
Cmd: preprocess
  insize=1423 outsize=2190 ok=1
Cmd: compileSnippet
  api=4 type=0 insize=8245 outsize=1298 kw=DIRECTIONAL SHADOWS_OFF LIGHTMAP_OFF DIRLIGHTMAP_OFF ok=1
Cmd: compileSnippet
  api=4 type=1 insize=8245 outsize=2704 kw=DIRECTIONAL SHADOWS_OFF LIGHTMAP_OFF DIRLIGHTMAP_OFF ok=1
Cmd: compileSnippet
  api=4 type=2 insize=8245 outsize=7750 kw=DIRECTIONAL SHADOWS_OFF LIGHTMAP_OFF DIRLIGHTMAP_OFF ok=1
Cmd: compileSnippet
  api=4 type=3 insize=8245 outsize=6482 kw=DIRECTIONAL SHADOWS_OFF LIGHTMAP_OFF DIRLIGHTMAP_OFF ok=1
Cmd: compileSnippet
  api=4 type=0 insize=5868 outsize=1298 kw=POINT ok=1
Cmd: compileSnippet
  api=4 type=1 insize=5868 outsize=3005 kw=POINT ok=1
Cmd: compileSnippet
  api=4 type=2 insize=5868 outsize=7750 kw=POINT ok=1
Cmd: compileSnippet
  api=4 type=3 insize=5868 outsize=6133 kw=POINT ok=1
Cmd: compileSnippet
  api=4 type=0 insize=5678 outsize=1298 kw= ok=1
Cmd: compileSnippet
  api=4 type=1 insize=5678 outsize=1575 kw= ok=1
Cmd: compileSnippet
  api=4 type=2 insize=5678 outsize=7750 kw= ok=1
Cmd: compileSnippet
  api=4 type=3 insize=5678 outsize=5328 kw= ok=1
Cmd: compileSnippet
  api=4 type=0 insize=7711 outsize=1298 kw=LIGHTMAP_OFF DIRLIGHTMAP_OFF HDR_LIGHT_PREPASS_OFF ok=1
Cmd: compileSnippet
  api=4 type=1 insize=7711 outsize=1534 kw=LIGHTMAP_OFF DIRLIGHTMAP_OFF HDR_LIGHT_PREPASS_OFF ok=1
Cmd: compileSnippet
  api=4 type=2 insize=7711 outsize=7750 kw=LIGHTMAP_OFF DIRLIGHTMAP_OFF HDR_LIGHT_PREPASS_OFF ok=1
Cmd: compileSnippet
  api=4 type=3 insize=7711 outsize=5174 kw=LIGHTMAP_OFF DIRLIGHTMAP_OFF HDR_LIGHT_PREPASS_OFF ok=1
Cmd: compileSnippet
  api=4 type=0 insize=4981 outsize=1298 kw=SHADOWS_DEPTH ok=1
Cmd: compileSnippet
  api=4 type=1 insize=4981 outsize=445 kw=SHADOWS_DEPTH ok=1
Cmd: compileSnippet
  api=4 type=2 insize=4981 outsize=7750 kw=SHADOWS_DEPTH ok=1
Cmd: compileSnippet
  api=4 type=3 insize=4981 outsize=3248 kw=SHADOWS_DEPTH ok=1

Quitting shader compiler process
